sample.interval=20000
"tolower" "nchar" ".rs.startsWith" ".rs.fuzzyMatches" ".rs.getCompletionsSearchPath" "Reduce" "<Anonymous>" 
"ls" "FUN" "lapply" ".rs.objectsOnSearchPath" ".rs.getCompletionsSearchPath" "Reduce" "<Anonymous>" 
"tolower" "nchar" ".rs.startsWith" ".rs.fuzzyMatches" ".rs.getCompletionsSearchPath" "Reduce" "<Anonymous>" 
"add_one" "add_one_to_vec" 
"add_one_to_vec" 
"add_one" "add_one_to_vec" 
"add_one" "add_one_to_vec" 
"add_one" "add_one_to_vec" 
"add_one" "add_one_to_vec" 
"add_one_to_vec" 
"add_one" "add_one_to_vec" 
"add_one_to_vec" 
"add_one_to_vec" 
"add_one" "add_one_to_vec" 
"add_one" "add_one_to_vec" 
"add_one_to_vec" 
"add_one" "add_one_to_vec" 
"add_one_to_vec" 
"ls" "FUN" "lapply" ".rs.objectsOnSearchPath" ".rs.getCompletionsSearchPath" "Reduce" "<Anonymous>" 
"ls" "FUN" "lapply" ".rs.objectsOnSearchPath" ".rs.getCompletionsSearchPath" "Reduce" "<Anonymous>" 
"file" "readLines" "paste" "tools:::httpd" "withCallingHandlers" "suppressWarnings" ".rs.getHelp" "<Anonymous>" 
